<?xml version="1.0" encoding="UTF-8"?>
<!-- Generated by org.testng.reporters.JUnitXMLReporter -->
<testsuite ignored="0" hostname="REVANASIDDESH" failures="1" tests="7" name="Default test(failed)" time="0.132" errors="0" timestamp="2023-05-03T16:50:57 IST">
  <testcase classname="com.actitime.testng.CustomerModule" name="CreatCustomer" time="0.016"/>
  <testcase classname="com.actitime.testng.CustomerModule" name="CreatCustomer" time="0.003"/>
  <testcase classname="com.actitime.testng.CustomerModule" name="CreatCustomer" time="0.003"/>
  <testcase classname="com.actitime.testng.CustomerModule" name="CreatCustomer" time="0.004"/>
  <testcase classname="com.actitime.testng.CustomerModule" name="CreatCustomer" time="0.004"/>
  <testcase classname="com.actitime.testng.CustomerModule" name="ModifyCustomer" time="0.011"/>
  <testcase classname="com.actitime.testng.CustomerModule" name="DeletCustomer" time="0.008">
    <failure type="java.lang.AssertionError" message="null">
      <![CDATA[java.lang.AssertionError: null
at com.actitime.testng.CustomerModule.DeletCustomer(CustomerModule.java:20)
at java.base/java.util.ArrayList.forEach(ArrayList.java:1511)
... Removed 27 stack frames]]>
    </failure>
  </testcase> <!-- DeletCustomer -->
</testsuite> <!-- Default test(failed) -->
